  ConnectThread.cpp
  코드를 생성하고 있습니다...
  컴파일하고 있습니다...
  WorkerThread.cpp
  UpdateThread.cpp
  ProcessPacket.cpp
  PlayerInfo.cpp
  ObjectFunc.cpp
  Main.cpp
d:\windowsdata\다운로드\project_test\dummy_monitor\dummy_monitor\main.cpp(59): warning C4996: 'inet_addr': Use inet_pton() or InetPton() instead or define _WINSOCK_DEPRECATED_NO_WARNINGS to disable deprecated API warnings
  c:\program files (x86)\windows kits\8.1\include\um\winsock2.h(1850): note: 'inet_addr' 선언을 참조하십시오.
  InputIp.cpp
d:\windowsdata\다운로드\project_test\dummy_monitor\dummy_monitor\inputip.cpp(5): warning C4996: 'fopen': This function or variable may be unsafe. Consider using fopen_s instead. To disable deprecation, use _CRT_SECURE_NO_WARNINGS. See online help for details.
  c:\program files (x86)\windows kits\10\include\10.0.10240.0\ucrt\stdio.h(205): note: 'fopen' 선언을 참조하십시오.
d:\windowsdata\다운로드\project_test\dummy_monitor\dummy_monitor\inputip.cpp(8): warning C4996: 'strcpy': This function or variable may be unsafe. Consider using strcpy_s instead. To disable deprecation, use _CRT_SECURE_NO_WARNINGS. See online help for details.
  c:\program files (x86)\windows kits\10\include\10.0.10240.0\ucrt\string.h(119): note: 'strcpy' 선언을 참조하십시오.
d:\windowsdata\다운로드\project_test\dummy_monitor\dummy_monitor\inputip.cpp(24): warning C4996: 'fopen': This function or variable may be unsafe. Consider using fopen_s instead. To disable deprecation, use _CRT_SECURE_NO_WARNINGS. See online help for details.
  c:\program files (x86)\windows kits\10\include\10.0.10240.0\ucrt\stdio.h(205): note: 'fopen' 선언을 참조하십시오.
d:\windowsdata\다운로드\project_test\dummy_monitor\dummy_monitor\inputip.cpp(27): warning C4996: 'strcpy': This function or variable may be unsafe. Consider using strcpy_s instead. To disable deprecation, use _CRT_SECURE_NO_WARNINGS. See online help for details.
  c:\program files (x86)\windows kits\10\include\10.0.10240.0\ucrt\string.h(119): note: 'strcpy' 선언을 참조하십시오.
  Global.cpp
  GetPhyscialProcessor.cpp
  코드를 생성하고 있습니다...
  Dummy_Monitor.vcxproj -> D:\WindowsData\다운로드\Project_Test\Dummy_Monitor\Debug\Dummy_Monitor.exe
