c:\users\pe60\source\repos\guardians\guardians_server\x64\debug\guardians_server.pch
c:\users\pe60\source\repos\guardians\guardians_server\x64\debug\vc140.pdb
c:\users\pe60\source\repos\guardians\guardians_server\x64\debug\vc140.idb
c:\users\pe60\source\repos\guardians\guardians_server\x64\debug\stdafx.obj
c:\users\pe60\source\repos\guardians\guardians_server\x64\debug\clientsession.obj
c:\users\pe60\source\repos\guardians\guardians_server\x64\debug\entity.obj
c:\users\pe60\source\repos\guardians\guardians_server\x64\debug\guardians_server.obj
c:\users\pe60\source\repos\guardians\guardians_server\x64\debug\heartbeatthread.obj
c:\users\pe60\source\repos\guardians\guardians_server\x64\debug\netengine.obj
c:\users\pe60\source\repos\guardians\guardians_server\x64\debug\packetmanager.obj
c:\users\pe60\source\repos\guardians\guardians_server\x64\debug\player.obj
c:\users\pe60\source\repos\guardians\guardians_server\x64\debug\ringbuffer.obj
c:\users\pe60\source\repos\guardians\guardians_server\x64\debug\sendmemorypool.obj
c:\users\pe60\source\repos\guardians\guardians_server\x64\debug\sessionmanager.obj
c:\users\pe60\source\repos\guardians\guardians_server\x64\debug\timerthread.obj
c:\users\pe60\source\repos\guardians\guardians_server\x64\debug\workerthreads.obj
d:\windowsdata\문서\visual studio 2015\projects\guardians_server\guardians_server\x64\debug\vc140.pdb
d:\windowsdata\문서\visual studio 2015\projects\guardians_server\guardians_server\x64\debug\vc140.idb
c:\users\eunjaekim\desktop\game_server\game_server\guardians_server\x64\debug\vc140.pdb
c:\users\pe60\source\repos\guardians\x64\debug\guardians_server.ilk
c:\users\pe60\source\repos\guardians\x64\debug\guardians_server.exe
c:\users\pe60\source\repos\guardians\x64\debug\guardians_server.pdb
c:\users\pe60\source\repos\guardians\guardians_server\x64\debug\guardians_server.res
c:\users\eunjaekim\desktop\game_server\game_server\guardians_server\x64\debug\clientsession.obj
c:\users\eunjaekim\desktop\game_server\game_server\guardians_server\x64\debug\entity.obj
c:\users\eunjaekim\desktop\game_server\game_server\guardians_server\x64\debug\guardians_server.obj
c:\users\eunjaekim\desktop\game_server\game_server\guardians_server\x64\debug\heartbeatthread.obj
c:\users\eunjaekim\desktop\game_server\game_server\guardians_server\x64\debug\netengine.obj
c:\users\eunjaekim\desktop\game_server\game_server\guardians_server\x64\debug\packetmanager.obj
c:\users\eunjaekim\desktop\game_server\game_server\guardians_server\x64\debug\player.obj
c:\users\eunjaekim\desktop\game_server\game_server\guardians_server\x64\debug\ringbuffer.obj
c:\users\eunjaekim\desktop\game_server\game_server\guardians_server\x64\debug\sendmemorypool.obj
c:\users\eunjaekim\desktop\game_server\game_server\guardians_server\x64\debug\sessionmanager.obj
c:\users\eunjaekim\desktop\game_server\game_server\guardians_server\x64\debug\timerthread.obj
c:\users\eunjaekim\desktop\game_server\game_server\guardians_server\x64\debug\workerthreads.obj
c:\users\eunjaekim\desktop\game_server\game_server\guardians_server\x64\debug\guardians_server.res
c:\users\eunjaekim\desktop\game_server\game_server\guardians_server\x64\debug\vc140.idb
c:\users\eunjaekim\desktop\game_server\game_server\guardians_server\x64\debug\guardians_server.tlog\cl.command.1.tlog
c:\users\eunjaekim\desktop\game_server\game_server\guardians_server\x64\debug\guardians_server.tlog\cl.read.1.tlog
c:\users\eunjaekim\desktop\game_server\game_server\guardians_server\x64\debug\guardians_server.tlog\cl.write.1.tlog
c:\users\eunjaekim\desktop\game_server\game_server\guardians_server\x64\debug\guardians_server.tlog\link.command.1.tlog
c:\users\eunjaekim\desktop\game_server\game_server\guardians_server\x64\debug\guardians_server.tlog\link.read.1.tlog
c:\users\eunjaekim\desktop\game_server\game_server\guardians_server\x64\debug\guardians_server.tlog\link.write.1.tlog
c:\users\eunjaekim\desktop\game_server\game_server\guardians_server\x64\debug\guardians_server.tlog\rc.command.1.tlog
c:\users\eunjaekim\desktop\game_server\game_server\guardians_server\x64\debug\guardians_server.tlog\rc.read.1.tlog
c:\users\eunjaekim\desktop\game_server\game_server\guardians_server\x64\debug\guardians_server.tlog\rc.write.1.tlog
